  stdafx.cpp
  SimpleGame.cpp
d:\00.study\02.kpu\00.수업 자료\18.게임소프트웨어공학\gse_project\gse_jungwoohyeok_1_2012181034\simplegame\simplegame\simplegame.cpp(42): warning C4244: '인수': 'float'에서 'int'(으)로 변환하면서 데이터가 손실될 수 있습니다.
  SceneMgr.cpp
d:\00.study\02.kpu\00.수업 자료\18.게임소프트웨어공학\gse_project\gse_jungwoohyeok_1_2012181034\simplegame\simplegame\scenemgr.cpp(68): warning C4244: '인수': 'int'에서 'float'(으)로 변환하면서 데이터가 손실될 수 있습니다.
d:\00.study\02.kpu\00.수업 자료\18.게임소프트웨어공학\gse_project\gse_jungwoohyeok_1_2012181034\simplegame\simplegame\scenemgr.cpp(77): warning C4018: '<': signed 또는 unsigned가 일치하지 않습니다.
d:\00.study\02.kpu\00.수업 자료\18.게임소프트웨어공학\gse_project\gse_jungwoohyeok_1_2012181034\simplegame\simplegame\scenemgr.cpp(81): warning C4018: '<': signed 또는 unsigned가 일치하지 않습니다.
d:\00.study\02.kpu\00.수업 자료\18.게임소프트웨어공학\gse_project\gse_jungwoohyeok_1_2012181034\simplegame\simplegame\scenemgr.cpp(173): warning C4305: '인수': 'double'에서 'float'(으)로 잘립니다.
d:\00.study\02.kpu\00.수업 자료\18.게임소프트웨어공학\gse_project\gse_jungwoohyeok_1_2012181034\simplegame\simplegame\scenemgr.cpp(175): warning C4018: '<': signed 또는 unsigned가 일치하지 않습니다.
d:\00.study\02.kpu\00.수업 자료\18.게임소프트웨어공학\gse_project\gse_jungwoohyeok_1_2012181034\simplegame\simplegame\scenemgr.cpp(231): warning C4018: '<': signed 또는 unsigned가 일치하지 않습니다.
d:\00.study\02.kpu\00.수업 자료\18.게임소프트웨어공학\gse_project\gse_jungwoohyeok_1_2012181034\simplegame\simplegame\scenemgr.cpp(254): warning C4244: '인수': 'int'에서 'float'(으)로 변환하면서 데이터가 손실될 수 있습니다.
  Renderer.cpp
d:\00.study\02.kpu\00.수업 자료\18.게임소프트웨어공학\gse_project\gse_jungwoohyeok_1_2012181034\simplegame\simplegame\renderer.cpp(217): warning C4244: '=': 'double'에서 'float'(으)로 변환하면서 데이터가 손실될 수 있습니다.
d:\00.study\02.kpu\00.수업 자료\18.게임소프트웨어공학\gse_project\gse_jungwoohyeok_1_2012181034\simplegame\simplegame\renderer.cpp(218): warning C4244: '=': 'double'에서 'float'(으)로 변환하면서 데이터가 손실될 수 있습니다.
d:\00.study\02.kpu\00.수업 자료\18.게임소프트웨어공학\gse_project\gse_jungwoohyeok_1_2012181034\simplegame\simplegame\renderer.cpp(851): warning C4244: '인수': 'float'에서 'GLint'(으)로 변환하면서 데이터가 손실될 수 있습니다.
d:\00.study\02.kpu\00.수업 자료\18.게임소프트웨어공학\gse_project\gse_jungwoohyeok_1_2012181034\simplegame\simplegame\renderer.cpp(928): warning C4018: '<': signed 또는 unsigned가 일치하지 않습니다.
  Object.cpp
  LoadPng.cpp
  코드를 생성하고 있습니다...
  SimpleGame.vcxproj -> D:\00.Study\02.KPU\00.수업 자료\18.게임소프트웨어공학\GSE_Project\GSE_JUNGWOOHYEOK_1_2012181034\SimpleGame\Debug\SimpleGame.exe
  SimpleGame.vcxproj -> D:\00.Study\02.KPU\00.수업 자료\18.게임소프트웨어공학\GSE_Project\GSE_JUNGWOOHYEOK_1_2012181034\SimpleGame\Debug\SimpleGame.pdb (Partial PDB)
